Database initialized successfully.
Initialization: YOLOv8l model loaded (yolov8l.pt) [conf=0.25, iou=0.45]
Initialization: Density estimation loaded [low<50, high>150]
Initialization: LSTM model not found ΓÇö using optical-flow rule-based behavior analysis (still accurate).
Initialization: Risk evaluation matrix loaded.
Initialization: Alert generation endpoints loaded.

Starting CrowdSense AI Backend Pipeline...
  ΓÇó YOLOv8 Detection  ΓåÆ ByteTrack Tracking
  ΓÇó Optical Flow      ΓåÆ LSTM Behavior Analysis
  ΓÇó Multi-Factor Risk ΓåÆ Alert System

 * Serving Flask app 'app'
 * Debug mode: off
python : WARNING: This is a 
development server. Do not 
use it in a production 
deployment. Use a production 
WSGI server instead.
At line:1 char:29
+ taskkill /F /IM 
python.exe; python app.py > 
server_v2.log 2>&1
+                            
 ~~~~~~~~~~~~~~~~~~~~~~~~~~~~
~~~~~~
    + CategoryInfo           
   : NotSpecified: (WARNING  
  : This i...server instea   
 d.:String) [], RemoteExc    
eption
    + FullyQualifiedErrorId  
   : NativeCommandError
 
 * Running on all addresses 
(0.0.0.0)
 * Running on 
http://127.0.0.1:5000
 * Running on 
http://192.168.252.138:5000
Press CTRL+C to quit
